  ArbolAA.cpp
  ArbolAVL.cpp
  ArbolB.cpp
  ArbolBB.cpp
  ArbolRN.cpp
  NodoCliente.cpp
C:\Users\jonns\Documents\GitHub\Proyecto3Datos\Proyecto3\Proyecto3\NodoCliente.cpp(358,53): warning C4244: 'argumento': conversión de 'double' a 'float'; posible pérdida de datos
C:\Users\jonns\Documents\GitHub\Proyecto3Datos\Proyecto3\Proyecto3\NodoCliente.cpp(263,15): warning C4996: 'localtime': This function or variable may be unsafe. Consider using localtime_s instead. To disable deprecation, use _CRT_SECURE_NO_WARNINGS. See online help for details.
  Utilidades.cpp
  VentanaCompras.cpp
  VentanaEliminación.cpp
  VentanaFacturacionClientes.cpp
  VentanaInformacion.cpp
  VentanaModificacion.cpp
  VentanaPrincipal.cpp
C:\Users\jonns\Documents\GitHub\Proyecto3Datos\Proyecto3\Proyecto3\VentanaPrincipal.cpp(7,1): warning C4829: Parámetros posiblemente incorrectos para la función main. Utilice 'int main(Platform::Array<Platform::String^>^ argv)'
  VentanaSupermercado.cpp
  VentanaVerificaciones.cpp
  Generando código...
C:\Users\jonns\Documents\GitHub\Proyecto3Datos\Proyecto3\Proyecto3\NodoCliente.cpp(355,1): warning C4700: se utilizó la variable local 'cantFacturasINT' sin inicializar
  ArbolAA.obj : se encontró un módulo MSIL; vinculación incremental deshabilitada para MSIL; ejecutando vínculo completo
  Proyecto3.vcxproj -> C:\Users\jonns\Documents\GitHub\Proyecto3Datos\Proyecto3\Debug\Proyecto3.exe
